[debug] [2024-08-01T21:30:32.552Z] ----------------------------------------------------------------------
[debug] [2024-08-01T21:30:32.554Z] Command:       C:\Program Files\nodejs\node.exe C:\Users\prasa\AppData\Roaming\npm\node_modules\firebase-tools\lib\bin\firebase.js init
[debug] [2024-08-01T21:30:32.555Z] CLI Version:   13.14.2
[debug] [2024-08-01T21:30:32.555Z] Platform:      win32
[debug] [2024-08-01T21:30:32.555Z] Node Version:  v20.11.1
[debug] [2024-08-01T21:30:32.555Z] Time:          Fri Aug 02 2024 03:00:32 GMT+0530 (India Standard Time)
[debug] [2024-08-01T21:30:32.555Z] ----------------------------------------------------------------------
[debug] 
[debug] [2024-08-01T21:30:32.616Z] > command requires scopes: ["email","openid","https://www.googleapis.com/auth/cloudplatformprojects.readonly","https://www.googleapis.com/auth/firebase","https://www.googleapis.com/auth/cloud-platform"]
[debug] [2024-08-01T21:30:32.616Z] > authorizing via signed-in user (007praveen2003@gmail.com)
[info] 
     ######## #### ########  ######## ########     ###     ######  ########
     ##        ##  ##     ## ##       ##     ##  ##   ##  ##       ##
     ######    ##  ########  ######   ########  #########  ######  ######
     ##        ##  ##    ##  ##       ##     ## ##     ##       ## ##
     ##       #### ##     ## ######## ########  ##     ##  ######  ########

You're about to initialize a Firebase project in this directory:

  D:\React Portfolio\portfolio

Before we get started, keep in mind:

  * You are initializing within an existing Firebase project directory

[info] 
=== Project Setup
[info] 
[info] First, let's associate this project directory with a Firebase project.
[info] You can create multiple project aliases by running firebase use --add, 
[info] but for now we'll just set up a default project.
[info] 
[debug] [2024-08-01T21:30:43.536Z] Using project from CLI flag: praveen-luci
[debug] [2024-08-01T21:30:43.539Z] >>> [apiv2][query] GET https://firebase.googleapis.com/v1beta1/projects/praveen-luci [none]
[debug] [2024-08-01T21:30:44.180Z] <<< [apiv2][status] GET https://firebase.googleapis.com/v1beta1/projects/praveen-luci 200
[debug] [2024-08-01T21:30:44.180Z] <<< [apiv2][body] GET https://firebase.googleapis.com/v1beta1/projects/praveen-luci {"projectId":"praveen-luci","projectNumber":"720611731729","displayName":"Praveen-Luci","name":"projects/praveen-luci","resources":{"hostingSite":"praveen-luci"},"state":"ACTIVE","etag":"1_fe9a5d83-5008-4b4a-8922-91eeaf282e11"}
[info] i  Using project praveen-luci (Praveen-Luci) 
[info] 
=== Hosting Setup
[debug] [2024-08-01T21:30:44.194Z] >>> [apiv2][query] GET https://firebase.googleapis.com/v1beta1/projects/praveen-luci [none]
[debug] [2024-08-01T21:30:44.697Z] <<< [apiv2][status] GET https://firebase.googleapis.com/v1beta1/projects/praveen-luci 200
[debug] [2024-08-01T21:30:44.697Z] <<< [apiv2][body] GET https://firebase.googleapis.com/v1beta1/projects/praveen-luci {"projectId":"praveen-luci","projectNumber":"720611731729","displayName":"Praveen-Luci","name":"projects/praveen-luci","resources":{"hostingSite":"praveen-luci"},"state":"ACTIVE","etag":"1_fe9a5d83-5008-4b4a-8922-91eeaf282e11"}
[info] 
[info] Your public directory is the folder (relative to your project directory) that
[info] will contain Hosting assets to be uploaded with firebase deploy. If you
[info] have a build process for your assets, use your build's output directory.
[info] 
[debug] [2024-08-01T22:01:45.715Z] ----------------------------------------------------------------------
[debug] [2024-08-01T22:01:45.718Z] Command:       C:\Program Files\nodejs\node.exe C:\Users\prasa\AppData\Roaming\npm\node_modules\firebase-tools\lib\bin\firebase.js init
[debug] [2024-08-01T22:01:45.718Z] CLI Version:   13.14.2
[debug] [2024-08-01T22:01:45.718Z] Platform:      win32
[debug] [2024-08-01T22:01:45.718Z] Node Version:  v20.11.1
[debug] [2024-08-01T22:01:45.719Z] Time:          Fri Aug 02 2024 03:31:45 GMT+0530 (India Standard Time)
[debug] [2024-08-01T22:01:45.719Z] ----------------------------------------------------------------------
[debug] 
[debug] [2024-08-01T22:01:45.786Z] > command requires scopes: ["email","openid","https://www.googleapis.com/auth/cloudplatformprojects.readonly","https://www.googleapis.com/auth/firebase","https://www.googleapis.com/auth/cloud-platform"]
[debug] [2024-08-01T22:01:45.787Z] > authorizing via signed-in user (007praveen2003@gmail.com)
[info] 
     ######## #### ########  ######## ########     ###     ######  ########
     ##        ##  ##     ## ##       ##     ##  ##   ##  ##       ##
     ######    ##  ########  ######   ########  #########  ######  ######
     ##        ##  ##    ##  ##       ##     ## ##     ##       ## ##
     ##       #### ##     ## ######## ########  ##     ##  ######  ########

You're about to initialize a Firebase project in this directory:

  D:\React Portfolio\portfolio

Before we get started, keep in mind:

  * You are initializing within an existing Firebase project directory

